Build started 4/1/2015 7:26:11 PM.
     1>Project "C:\Users\joelscarfone\Desktop\Maze Adventures\COMP2501Tutorial5\COMP2501Tutorial5.vcxproj" on node 2 (Build target(s)).
     1>C:\Program Files (x86)\MSBuild\Microsoft.Cpp\v4.0\V120\Microsoft.CppBuild.targets(388,5): warning MSB8028: The intermediate directory (Debug\) contains files shared from another project (COMP2501Tutorial5.vcxproj).  This can lead to incorrect clean and rebuild behavior.
     1>ClCompile:
         C:\Program Files (x86)\Microsoft Visual Studio 12.0\VC\bin\CL.exe /c /I../GL/include /I../AL/include /ZI /nologo /W3 /WX- /Od /Oy- /D WIN32 /D _DEBUG /D _CONSOLE /D _LIB /D _UNICODE /D UNICODE /Gm /EHsc /RTC1 /MDd /GS /fp:precise /Zc:wchar_t /Zc:forScope /Fo"Debug\\" /Fd"Debug\vc120.pdb" /Gd /TP /analyze- /errorReport:prompt Main.cpp
         Main.cpp
     1>c:\users\joelscarfone\desktop\maze adventures\comp2501tutorial5\text.h(25): warning C4101: 'normalLoc' : unreferenced local variable
     1>c:\users\joelscarfone\desktop\maze adventures\comp2501tutorial5\text.h(91): warning C4018: '<' : signed/unsigned mismatch
     1>c:\users\joelscarfone\desktop\maze adventures\comp2501tutorial5\sound.h(2): warning C4081: expected 'newline'; found ';'
     1>c:\users\joelscarfone\desktop\maze adventures\comp2501tutorial5\main.cpp(81): warning C4305: 'initializing' : truncation from 'double' to 'float'
     1>c:\users\joelscarfone\desktop\maze adventures\comp2501tutorial5\main.cpp(121): warning C4101: 'vertexLoc' : unreferenced local variable
     1>c:\users\joelscarfone\desktop\maze adventures\comp2501tutorial5\main.cpp(121): warning C4101: 'colorLoc' : unreferenced local variable
     1>c:\users\joelscarfone\desktop\maze adventures\comp2501tutorial5\main.cpp(168): warning C4244: 'initializing' : conversion from 'double' to 'float', possible loss of data
     1>c:\users\joelscarfone\desktop\maze adventures\comp2501tutorial5\main.cpp(279): warning C4244: '-=' : conversion from 'double' to 'float', possible loss of data
     1>c:\users\joelscarfone\desktop\maze adventures\comp2501tutorial5\main.cpp(290): warning C4244: '+=' : conversion from 'double' to 'float', possible loss of data
     1>c:\users\joelscarfone\desktop\maze adventures\comp2501tutorial5\main.cpp(363): warning C4244: 'argument' : conversion from 'int' to 'float', possible loss of data
     1>c:\users\joelscarfone\desktop\maze adventures\comp2501tutorial5\main.cpp(432): warning C4244: '=' : conversion from 'int' to 'float', possible loss of data
     1>c:\users\joelscarfone\desktop\maze adventures\comp2501tutorial5\main.cpp(433): warning C4244: '=' : conversion from 'int' to 'float', possible loss of data
     1>c:\users\joelscarfone\desktop\maze adventures\comp2501tutorial5\main.cpp(436): warning C4244: '=' : conversion from 'int' to 'float', possible loss of data
     1>c:\users\joelscarfone\desktop\maze adventures\comp2501tutorial5\main.cpp(437): warning C4244: '=' : conversion from 'int' to 'float', possible loss of data
     1>c:\users\joelscarfone\desktop\maze adventures\comp2501tutorial5\main.cpp(443): warning C4244: '=' : conversion from 'int' to 'float', possible loss of data
     1>c:\users\joelscarfone\desktop\maze adventures\comp2501tutorial5\main.cpp(444): warning C4244: '=' : conversion from 'int' to 'float', possible loss of data
     1>c:\users\joelscarfone\desktop\maze adventures\comp2501tutorial5\main.cpp(446): warning C4244: '=' : conversion from 'int' to 'float', possible loss of data
     1>c:\users\joelscarfone\desktop\maze adventures\comp2501tutorial5\main.cpp(447): warning C4244: '=' : conversion from 'int' to 'float', possible loss of data
     1>c:\users\joelscarfone\desktop\maze adventures\comp2501tutorial5\main.cpp(475): warning C4244: '=' : conversion from 'int' to 'float', possible loss of data
     1>c:\users\joelscarfone\desktop\maze adventures\comp2501tutorial5\main.cpp(476): warning C4244: 'argument' : conversion from 'float' to 'int', possible loss of data
     1>c:\users\joelscarfone\desktop\maze adventures\comp2501tutorial5\main.cpp(477): warning C4244: 'argument' : conversion from 'float' to 'int', possible loss of data
     1>c:\users\joelscarfone\desktop\maze adventures\comp2501tutorial5\main.cpp(479): warning C4244: 'argument' : conversion from 'float' to 'int', possible loss of data
     1>c:\users\joelscarfone\desktop\maze adventures\comp2501tutorial5\main.cpp(479): warning C4244: 'argument' : conversion from 'int' to 'float', possible loss of data
     1>c:\users\joelscarfone\desktop\maze adventures\comp2501tutorial5\main.cpp(480): warning C4244: 'argument' : conversion from 'float' to 'int', possible loss of data
     1>c:\users\joelscarfone\desktop\maze adventures\comp2501tutorial5\main.cpp(504): warning C4244: 'argument' : conversion from 'int' to 'float', possible loss of data
     1>c:\users\joelscarfone\desktop\maze adventures\comp2501tutorial5\main.cpp(524): warning C4244: 'argument' : conversion from 'int' to 'float', possible loss of data
     1>c:\users\joelscarfone\desktop\maze adventures\comp2501tutorial5\main.cpp(539): warning C4996: 'sprintf': This function or variable may be unsafe. Consider using sprintf_s instead. To disable deprecation, use _CRT_SECURE_NO_WARNINGS. See online help for details.
                 c:\program files (x86)\microsoft visual studio 12.0\vc\include\stdio.h(356) : see declaration of 'sprintf'
     1>c:\users\joelscarfone\desktop\maze adventures\comp2501tutorial5\main.cpp(542): warning C4996: 'sprintf': This function or variable may be unsafe. Consider using sprintf_s instead. To disable deprecation, use _CRT_SECURE_NO_WARNINGS. See online help for details.
                 c:\program files (x86)\microsoft visual studio 12.0\vc\include\stdio.h(356) : see declaration of 'sprintf'
     1>c:\users\joelscarfone\desktop\maze adventures\comp2501tutorial5\main.cpp(561): warning C4996: 'sprintf': This function or variable may be unsafe. Consider using sprintf_s instead. To disable deprecation, use _CRT_SECURE_NO_WARNINGS. See online help for details.
                 c:\program files (x86)\microsoft visual studio 12.0\vc\include\stdio.h(356) : see declaration of 'sprintf'
     1>c:\users\joelscarfone\desktop\maze adventures\comp2501tutorial5\main.cpp(638): warning C4996: 'sprintf': This function or variable may be unsafe. Consider using sprintf_s instead. To disable deprecation, use _CRT_SECURE_NO_WARNINGS. See online help for details.
                 c:\program files (x86)\microsoft visual studio 12.0\vc\include\stdio.h(356) : see declaration of 'sprintf'
     1>c:\users\joelscarfone\desktop\maze adventures\comp2501tutorial5\main.cpp(642): warning C4996: 'sprintf': This function or variable may be unsafe. Consider using sprintf_s instead. To disable deprecation, use _CRT_SECURE_NO_WARNINGS. See online help for details.
                 c:\program files (x86)\microsoft visual studio 12.0\vc\include\stdio.h(356) : see declaration of 'sprintf'
     1>c:\users\joelscarfone\desktop\maze adventures\comp2501tutorial5\main.cpp(660): warning C4996: 'sprintf': This function or variable may be unsafe. Consider using sprintf_s instead. To disable deprecation, use _CRT_SECURE_NO_WARNINGS. See online help for details.
                 c:\program files (x86)\microsoft visual studio 12.0\vc\include\stdio.h(356) : see declaration of 'sprintf'
     1>c:\users\joelscarfone\desktop\maze adventures\comp2501tutorial5\main.cpp(663): warning C4996: 'sprintf': This function or variable may be unsafe. Consider using sprintf_s instead. To disable deprecation, use _CRT_SECURE_NO_WARNINGS. See online help for details.
                 c:\program files (x86)\microsoft visual studio 12.0\vc\include\stdio.h(356) : see declaration of 'sprintf'
     1>c:\users\joelscarfone\desktop\maze adventures\comp2501tutorial5\main.cpp(772): warning C4305: 'argument' : truncation from 'double' to 'float'
     1>c:\users\joelscarfone\desktop\maze adventures\comp2501tutorial5\main.cpp(773): warning C4305: 'argument' : truncation from 'double' to 'float'
     1>c:\users\joelscarfone\desktop\maze adventures\comp2501tutorial5\main.cpp(774): warning C4305: 'argument' : truncation from 'double' to 'float'
     1>c:\users\joelscarfone\desktop\maze adventures\comp2501tutorial5\main.cpp(793): warning C4305: 'argument' : truncation from 'double' to 'float'
     1>c:\users\joelscarfone\desktop\maze adventures\comp2501tutorial5\main.cpp(868): warning C4244: 'argument' : conversion from 'int' to 'float', possible loss of data
     1>c:\users\joelscarfone\desktop\maze adventures\comp2501tutorial5\main.cpp(883): warning C4244: '=' : conversion from 'double' to 'int', possible loss of data
     1>c:\users\joelscarfone\desktop\maze adventures\comp2501tutorial5\main.cpp(884): warning C4244: '=' : conversion from 'double' to 'int', possible loss of data
     1>c:\users\joelscarfone\desktop\maze adventures\comp2501tutorial5\main.cpp(917): warning C4244: 'argument' : conversion from 'int' to 'float', possible loss of data
     1>c:\users\joelscarfone\desktop\maze adventures\comp2501tutorial5\main.cpp(932): warning C4244: 'argument' : conversion from 'int' to 'float', possible loss of data
     1>c:\users\joelscarfone\desktop\maze adventures\comp2501tutorial5\main.cpp(935): warning C4244: 'argument' : conversion from 'int' to 'float', possible loss of data
     1>c:\users\joelscarfone\desktop\maze adventures\comp2501tutorial5\main.cpp(938): warning C4244: 'argument' : conversion from 'int' to 'float', possible loss of data
     1>c:\users\joelscarfone\desktop\maze adventures\comp2501tutorial5\main.cpp(941): warning C4244: 'argument' : conversion from 'int' to 'float', possible loss of data
     1>c:\users\joelscarfone\desktop\maze adventures\comp2501tutorial5\main.cpp(943): warning C4715: 'findPosition' : not all control paths return a value
       Link:
         C:\Program Files (x86)\Microsoft Visual Studio 12.0\VC\bin\link.exe /ERRORREPORT:PROMPT /OUT:"C:\Users\joelscarfone\Desktop\Maze Adventures\Debug\Maze Adventrues.exe" /INCREMENTAL /NOLOGO /LIBPATH:../GL/lib /LIBPATH:../AL/libs/win32 SOIL.lib kernel32.lib user32.lib gdi32.lib winspool.lib comdlg32.lib advapi32.lib shell32.lib ole32.lib oleaut32.lib uuid.lib odbc32.lib odbccp32.lib kernel32.lib user32.lib gdi32.lib winspool.lib comdlg32.lib advapi32.lib shell32.lib ole32.lib oleaut32.lib uuid.lib odbc32.lib odbccp32.lib /MANIFEST /MANIFESTUAC:"level='asInvoker' uiAccess='false'" /manifest:embed /DEBUG /PDB:"C:\Users\joelscarfone\Desktop\Maze Adventures\Debug\Maze Adventrues.pdb" /SUBSYSTEM:CONSOLE /TLBID:1 /DYNAMICBASE /NXCOMPAT /IMPLIB:"C:\Users\joelscarfone\Desktop\Maze Adventures\Debug\Maze Adventrues.lib" /MACHINE:X86 Debug\Edge.obj
         Debug\Enemy.obj
         Debug\Entity.obj
         Debug\Level.obj
         Debug\Main.obj
         Debug\mathlib.obj
         Debug\Camera.obj
         Debug\MazeGenerator.obj
         Debug\Node.obj
         Debug\Renderable.obj
         Debug\Shader.obj
         Debug\Sound.obj
         COMP2501Tutorial5.vcxproj -> C:\Users\joelscarfone\Desktop\Maze Adventures\Debug\Maze Adventrues.exe
     1>Done Building Project "C:\Users\joelscarfone\Desktop\Maze Adventures\COMP2501Tutorial5\COMP2501Tutorial5.vcxproj" (Build target(s)).

Build succeeded.

Time Elapsed 00:00:01.15
